	.text
	.file	"main.ll"
	.globl	foo                     # -- Begin function foo
	.p2align	4, 0x90
	.type	foo,@function
foo:                                    # @foo
	.cfi_startproc
# %bb.0:
	movl	$1, %eax
	movl	$2, %edx
	retq
.Lfunc_end0:
	.size	foo, .Lfunc_end0-foo
	.cfi_endproc
                                        # -- End function
	.globl	main                    # -- Begin function main
	.p2align	4, 0x90
	.type	main,@function
main:                                   # @main
	.cfi_startproc
# %bb.0:
	pushq	%rax
	.cfi_def_cfa_offset 16
	movl	$1, %edi
	movl	$2, %esi
	movl	$3, %edx
	movl	$4, %ecx
	movl	$5, %r8d
	movl	$6, %r9d
	pushq	$8
	.cfi_adjust_cfa_offset 8
	pushq	$7
	.cfi_adjust_cfa_offset 8
	callq	foo
	addq	$16, %rsp
	.cfi_adjust_cfa_offset -16
	xorl	%eax, %eax
	popq	%rcx
	.cfi_def_cfa_offset 8
	retq
.Lfunc_end1:
	.size	main, .Lfunc_end1-main
	.cfi_endproc
                                        # -- End function
	.section	".note.GNU-stack","",@progbits
output: done!
