./TC150602A: input: target=25, nums=[1,3,5,7,9,11,13,15,23,25,27]; output: pos=9, times=10;
./TC150602B: input: target=25, nums=[1,3,5,7,9,11,13,15,23,25,27]; output: pos=9, times=3;
./TC151227A: output: 78
./TC151227B: input: 8; output: 92
./TC151227C: input: m=10, n=10; output: 10
./TC160116A: input: s=xxcdef234, t=abcdefg12345; output: cdef;
./TC161127A: input: from=0, to=1, graph=[[0,100,10,30,-1],[-1,0,-1,-1,-1],[-1,-1,0,-1,20],[-1,10,-1,0,8],[-1,5,-1,-1,0]]; output: r=35, path[0,2,4,1];
./TC161129A: output: done!
./TC161204A: output: encodeLength: 0
./TC161209A: input: [8,9,3,2,6,5,7,1,4]; output: [1,2,3,4,5,6,7,8,9];
./TC161212A: input: [8,9,3,2,6,5,7,1,4]; output: [1,2,3,4,5,6,7,8,9];
./TC161212B: input: [8,9,3,2,6,5,7,1,4]; output: [1,2,3,4,5,6,7,8,9];
./TC161212C: input: [8,9,3,2,6,5,7,1,4]; output: [1,2,3,4,5,6,7,8,9];
./TC161212D: input: [8,9,3,2,6,5,7,1,4]; output: [1,2,3,4,6,5,7,8,9];
./TC161212E: input: [8,9,3,2,6,5,7,1,4]; output: [1,2,3,4,5,6,7,8,9];
./TC161212F: input: [8,9,3,2,6,5,7,1,4]; output: [1,2,3,4,5,6,7,8,9];
./TC161212G: input: [8,9,3,2,6,5,7,1,4]; output: [1,2,3,4,5,6,7,8,9];
./TC170313A: output: r1=fe0b, r2=fe0b
./TC170820A: output: done
./TC190619A: output: location=23
