./TC150528A: output: done!
./TC150528B: output: done!
./TC150528C: output: done!
./TC150528D: output: done!
./TC150528E: output: done!
./TC150528F: output: done!
./TC150528G: output: done!
./TC160722A: output: done!
./TC170514A: output: done!
./TC170514B: output: done!
./TC170514C: output: done!
./TC210706A: output: rc=0;
./TC210706B: output: done!
./TC210706C: output: done!
./TC210706D: output: rc=125;
./TC210706E: output: rc=255;
./TC210706F: output: rc=123;
./TC210706G: output: rc=0;
./TC210706H: output: rc=10;
./TC210707A: output: rc=4;
./TC210707B: output: rc=1;
./TC210707C: output: rc=1;
./TC210707D: output: done!
./TC230324A: output: done
./TC230513A: output: done
./TC230513B: output: 3 output: done
./TC231004A: output: done!
./TC231004B: output: done!
./TC231005A: output: done!
./TC231005E: output: done!
./TC231005F: output: done!
./TC231203A: output: done!
./TC231204A: output: done!
./TC231204B: output: done!
./TC231207A: output: done!
./TC231207B: Binary file (standard input) matches
./TC231207C: output: done!
./TC231207D: output: done!
./TC231208A: output: done!
./TC231208B: output: done!
./TC231211B: output: done!
./TC231211C: output: done!
./TC231212A: output: done!
./TC231213A: output: done!
./TC231213B: output: done!
./TC231213C: output: done!
./TC231213D: output: done!
./TC231213E: output: done!
./TC231213F: output: done!
./TC231214A: output: done!
./TC231215A: output: done!
./TC231220A: output: done!
./TC231220B: output: done!
./TC231220C: 
./TC231221A: output: done!
./TC231221C: output: done!
./TC231222A: output: done!
./TC231224A: output: done!
./TC231224B: output: done!
