Function main
Loop Depth: 1
	CycleDepth: 1
	I:   %7 = load i32, i32* %2, align 4
	I:   %8 = icmp slt i32 %7, 2
	I:   br i1 %8, label %9, label %23
	CycleDepth: 1
	I:   store i32 0, i32* %3, align 4
	I:   br label %10
	CycleDepth: 2
	I:   %11 = load i32, i32* %3, align 4
	I:   %12 = icmp slt i32 %11, 3
	I:   br i1 %12, label %13, label %19
	CycleDepth: 1
	I:   br label %20
	CycleDepth: 1
	I:   %21 = load i32, i32* %2, align 4
	I:   %22 = add nsw i32 %21, 1
	I:   store i32 %22, i32* %2, align 4
	I:   br label %6, !llvm.loop !8
	CycleDepth: 2
	I:   %14 = load i32, i32* %5, align 4
	I:   %15 = add nsw i32 %14, 1
	I:   store i32 %15, i32* %5, align 4
	I:   br label %16
	CycleDepth: 2
	I:   %17 = load i32, i32* %3, align 4
	I:   %18 = add nsw i32 %17, 1
	I:   store i32 %18, i32* %3, align 4
	I:   br label %10, !llvm.loop !6
output: done!
