******************** Graph 1 ********************
Graph: N=7, type=directed
        N00  N01  N02  N03  N04  N05  N06
  N00:    0, 100,  10,  30,  -1,  -1,  -1,
  N01:   -1,   0,  -1,  -1,  -1,  -1,  -1,
  N02:   -1,  -1,   0,  -1,  20,  -1,  -1,
  N03:   -1,  10,  -1,   0,   8,  -1,  -1,
  N04:   -1,   5,  -1,  -1,   0,  -1,  -1,
  N05:   -1,  -1,  -1,  -1,  -1,   0,  10,
  N06:   -1,  -1,  -1,  -1,  -1,  -1,   0,
Is_Graph_All_Conneted: No
Search_DepthFirst_From: 0,1,2,4,3,
Search_BreadthFirst_From: 0,1,2,3,4,
Visit_DepthFirst: 0,1,2,4,3,5,6,
Visit_BreadthFirst: 0,1,2,3,4,5,6,
******************** Graph 2 ********************
Graph: N=5, type=undirected
        N00  N01  N02  N03  N04
  N00:    0,   1,   0,   1,   1,
  N01:    1,   0,   1,   0,   0,
  N02:    0,   1,   0,   1,   0,
  N03:    1,   0,   1,   0,   1,
  N04:    1,   0,   0,   1,   0,
Visit_DepthFirst: 0,1,2,3,4,
Get_UnDirected_Graph_Girth: Girth=3, Path=0,3,4,
output: done!
