
==>  test_union: 

TEST 01: 
0.000000
-1852620744


TEST 06: 
f1f2f3f4
f4


-----------------------------------------------


==>  test_set_bit: set bit on 3 pos 

1st:0000000011110001
2st:0000000011111001 set 1 on 3
3st:0000000011110001 set 0 on 3
-----------------------------------------------


==>  test_swap_word: 

input : abcd
output: cdab
-----------------------------------------------


==>  test_malloc_0: 

Got a invaild pointer by malloc(0) 
-----------------------------------------------

output: done!
