---------- LEX Content ----------
%{
    #include <stdio.h>
    #include <string.h>
    #include "y.tab.h" 
%}

%%
[0-9]+          yylval.number=atoi(yytext); return NUMBER;
heater          return TOKHEATER;
heat            return TOKHEAT;
on|off          yylval.number = strcmp(yytext, "on"); return STATE;  
target          return TOKTARGET;
temperature     return TOKTEMPERATURE;
[a-z0-9]+       yylval.string = strdup(yytext); return WORD;
\n              /* ignore end of line */
[ \t]+          /* ignore whitespace */
%%




---------- TEST Content ----------
heat on
heat off
heater mainbuilding
target temperature 10


---------- Parse ----------
	Heat turned on or off
	Heat turned on or off
	Selected heater 'mainbuilding'
	Heater 'mainbuilding' temperature set to 10

output: done!
