------------------ PyTorch的安装 ------------------ 
torch.__version__:  2.2.0+cu121

------------------ 数据操作  ------------------ 
x :  tensor([ 0,  1,  2,  3,  4,  5,  6,  7,  8,  9, 10, 11])
x1:  tensor([ 2,  4,  6,  8, 10])

x.shape   :  torch.Size([12])
x.numel() :  12
x.size()  :  torch.Size([12])

------------------ reshape 函数  ------------------ 
x :  tensor([[ 0,  1,  2,  3,  4,  5],
        [ 6,  7,  8,  9, 10, 11]])
x :  tensor([[ 0,  1,  2,  3],
        [ 4,  5,  6,  7],
        [ 8,  9, 10, 11]])

------------------ zeros/ones 函数 ------------------ 
torch.zeros((2, 3, 4)):
 tensor([[[0., 0., 0., 0.],
         [0., 0., 0., 0.],
         [0., 0., 0., 0.]],

        [[0., 0., 0., 0.],
         [0., 0., 0., 0.],
         [0., 0., 0., 0.]]])

torch.ones((2, 3, 4)):
 tensor([[[1., 1., 1., 1.],
         [1., 1., 1., 1.],
         [1., 1., 1., 1.]],

        [[1., 1., 1., 1.],
         [1., 1., 1., 1.],
         [1., 1., 1., 1.]]])

output: done!
