0000000000403e60 d _DYNAMIC
0000000000404000 d _GLOBAL_OFFSET_TABLE_
0000000000402000 R _IO_stdin_used
00000000004020f4 r __FRAME_END__
0000000000402008 r __GNU_EH_FRAME_HDR
0000000000404028 D __TMC_END__
0000000000404028 B __bss_start
0000000000404018 D __data_start
00000000004010d0 t __do_global_dtors_aux
0000000000403e58 d __do_global_dtors_aux_fini_array_entry
0000000000404020 D __dso_handle
0000000000403e50 d __frame_dummy_init_array_entry
                 w __gmon_start__
0000000000403e58 d __init_array_end
0000000000403e50 d __init_array_start
0000000000401190 T __libc_csu_fini
0000000000401120 T __libc_csu_init
                 U __libc_start_main@@GLIBC_2.2.5
0000000000401050 T _dl_relocate_static_pie
0000000000404028 D _edata
0000000000404030 B _end
0000000000401198 T _fini
0000000000401000 T _init
0000000000401020 T _start
0000000000404028 b completed.8061
0000000000404018 W data_start
0000000000401060 t deregister_tm_clones
0000000000401100 t frame_dummy
0000000000402004 R global_constant_2
000000000040402c B global_variable_1
0000000000401110 T main
0000000000401090 t register_tm_clones
output: done!
