-----------------TEST REGEX-------------------------
-----Source File #1:regex-test-01.txt------
Source File:
test
atest
testx
textx
testxx
$test
.test
^test
xx123yyy
xxyyy
-------------------------------------------
1:^                       ===> Line Head
Regex : grep '^a'
Expect: atest
Actual: atest

-------------------------------------------
2:$                       ===> Line Tail
Regex : grep 'xx$'
Expect: testxx
Actual: 
-------------------------------------------
3:.                       ===> Any single character
Regex : grep 'test.$'
Expect: testx
Actual: test
atest
$test
.test
^test

-------------------------------------------
4:*                       ===> >=0 time
Regex : grep 'testxxx*'
Expect: testxx
Actual: testxx

-------------------------------------------
5:*                       ===> >=1 time, not support grep, support awk
Regex : grep '^test' | awk '/xx+/'
Expect: testxx
Actual: testxx

-------------------------------------------
6:\                       ===> Escape String \$ \. \^
a. Regex : grep '^$'
   Expect: $test
   Actual: $test

b. Regex : grep '^\.'
   Expect: .test
   Actual: .test

c. Regex : grep '^\^'
   Expect: ^test
   Actual: ^test

-------------------------------------------
7:[]                       ===> single character/character sequence
a. Regex : grep '^xx[0-9]'
   Expect: xx123yyy
   Actual: xx123yyy

-------------------------------------------
8:Pattern \{n\}              ===> n times
 :Pattern \{n,\}                 ===> >=n times
 :Pattern \{n,m\}                ===> n~m times
a. Regex : grep '^xx[0-9]\{2,\}'
   Expect: xx123yyy
   Actual: xx123yyy

-------------------------------------------
9:(?p1|p2)              ===> grep expend mode or
 :Pattern \{n,\}            ===> >=n times
 :Pattern \{n,m\}           ===> n~m times
a. Regex : grep -E 'te(?s|x)tx$'
   Expect: testx textx
   Actual: 

-----------------Special Regex -------------------------
-------------------------------------------
1:               ===> Get Ip
a. Regex : ifconfig | grep 'inet addr' | grep -v '127.0.0.1' | awk '{ print }' | cut -c5-
   Actual: b. Regex : ifconfig | grep 'inet addr' | grep -v '127.0.0.1' | awk -F: '{print }' | awk '{print }'
   Actual: c. Regex : ifconfig | grep 'inet addr' | grep -v '127.0.0.1' | cut -d: -f2  | awk '{print }'
   Actual: 
-----------------TEST Issues-------------------------

-------------------------------------------
1:?                       ===> 0 or 1 time
Regex : grep 'testxxx*'
Expect: testxx
Actual: 
output: done.
