---------- LEX Content ----------
%{
#include <stdio.h>
#include "y.tab.h"

typedef int YYSTYPE;  
YYSTYPE yylval;  

%}

%%
[0-9]+         yylval = atoi(yytext); return NUMBER;
heat           return TOKHEAT;
on|off         yylval = !strcmp(yytext, "on"); return STATE;
target         return TOKTARGET;
temperature    return TOKTEMPERATURE;
\n             /* ignore end of line */;
[ \t]+         /* ignore whitespace */;
%%
---------- TEST Content ----------
heat on
heat off
target temperature 10
target humidity 20
---------- Parse ----------
	Heat turned on
	Heat turned off
	Temperature set to 10
humidity parse error

output: done!
