work request #140360581112448 added.
work request #140360581112528 added.
work request #140360581112608 added.
work request #140360581112688 added.
work request #140360581112768 added.
work request #140360581112848 added.
work request #140360581112928 added.
work request #140360581113008 added.
work request #140360581113088 added.
work request #140360581113168 added.
-------------------- 3 --------------------
Thread-2
---Result from request 140360581112528 : '2023-08-22 10:43:22.1881051'
Thread-3
Thread-1
---Result from request 140360581112608 : '2023-08-22 10:43:23.1880372'
---Result from request 140360581112448 : '2023-08-22 10:43:23.1884600'
Thread-1
Thread-2
---Result from request 140360581112848 : '2023-08-22 10:43:24.1889325'
---Result from request 140360581112688 : '2023-08-22 10:43:24.1893013'
Add 3 more workers threads
-------------------- 6 --------------------
Thread-3
Thread-2
---Result from request 140360581112768 : '2023-08-22 10:43:25.1888454'
---Result from request 140360581113008 : '2023-08-22 10:43:25.1900437'
Thread-1
Thread-5
Thread-4
---Result from request 140360581112928 : '2023-08-22 10:43:26.1904476'
---Result from request 140360581113168 : '2023-08-22 10:43:26.1922219'
---Result from request 140360581113088 : '2023-08-22 10:43:26.1927318'
no pending results
Stop
output: done.
