OPT_VER: 14
Instruction:	  store i32* %0, i32** %3, align 8
Depends on:	  %3 = alloca i32*, align 8
Instruction:	  store i32* %1, i32** %4, align 8
Depends on:	  %4 = alloca i32*, align 8
Instruction:	  %5 = load i32*, i32** %3, align 8
Depends on:	  store i32* %0, i32** %3, align 8
Instruction:	  %6 = load i32*, i32** %4, align 8
Depends on:	  store i32* %1, i32** %4, align 8
Instruction:	  store i32 2, i32* %6, align 4
Depends on:	  store i32 1, i32* %5, align 4
Instruction:	  %7 = load i32*, i32** %3, align 8
Depends on:	  %5 = load i32*, i32** %3, align 8
Instruction:	  %8 = load i32, i32* %7, align 4
Depends on:	  store i32 2, i32* %6, align 4
Instruction:	  %9 = load i32*, i32** %4, align 8
Depends on:	  %6 = load i32*, i32** %4, align 8
Instruction:	  %10 = load i32, i32* %9, align 4
Depends on:	  store i32 2, i32* %6, align 4
output: done!
